# JRE version: OpenJDK Runtime Environment Temurin-21.0.11+10 (21.0.11+10) (build 21.0.11+10-LTS)
# Java VM: OpenJDK 64-Bit Server VM Temurin-21.0.11+10 (21.0.11+10-LTS, mixed mode, sharing, tiered, compressed oops, compressed class ptrs, parallel gc, windows-amd64)
GC Precious Log:
 CardTable entry size: 512
 CPUs: 4 total, 4 available
 Memory: 3546M
 Large Page Support: Disabled
 NUMA Support: Disabled
 Compressed Oops: Enabled (32-bit)
 Alignments: Space 512K, Generation 512K, Heap 2M
 Heap Min Capacity: 100M
 Heap Initial Capacity: 100M
 Heap Max Capacity: 2G
 Pre-touch: Disabled
 Parallel Workers: 4
Heap:
 PSYoungGen      total 11264K, used 5644K [0x00000000d5580000, 0x00000000d6780000, 0x0000000100000000)
  eden space 10240K, 45% used [0x00000000d5580000,0x00000000d5a04840,0x00000000d5f80000)
  from space 1024K, 99% used [0x00000000d6280000,0x00000000d637ea88,0x00000000d6380000)
  to   space 4096K, 0% used [0x00000000d6380000,0x00000000d6380000,0x00000000d6780000)
 ParOldGen       total 94720K, used 94244K [0x0000000080000000, 0x0000000085c80000, 0x00000000d5580000)
  object space 94720K, 99% used [0x0000000080000000,0x0000000085c09378,0x0000000085c80000)
 Metaspace       used 74014K, committed 75584K, reserved 1179648K
  class space    used 7875K, committed 8576K, reserved 1048576K
GC Heap History (20 events):
Event: 431.115 GC heap before
{Heap before GC invocations=113 (full 3):
 PSYoungGen      total 11264K, used 11241K [0x00000000d5580000, 0x00000000d6380000, 0x0000000100000000)
  eden space 10240K, 100% used [0x00000000d5580000,0x00000000d5f80000,0x00000000d5f80000)
  from space 1024K, 97% used [0x00000000d6080000,0x00000000d617a460,0x00000000d6180000)
  to   space 2048K, 0% used [0x00000000d6180000,0x00000000d6180000,0x00000000d6380000)
 ParOldGen       total 77824K, used 77798K [0x0000000080000000, 0x0000000084c00000, 0x00000000d5580000)
  object space 77824K, 99% used [0x0000000080000000,0x0000000084bf9950,0x0000000084c00000)
 Metaspace       used 70732K, committed 72192K, reserved 1114112K
  class space    used 7470K, committed 8064K, reserved 1048576K
}
Event: 431.123 GC heap after
{Heap after GC invocations=113 (full 3):
 PSYoungGen      total 10752K, used 314K [0x00000000d5580000, 0x00000000d6200000, 0x0000000100000000)
  eden space 10240K, 0% used [0x00000000d5580000,0x00000000d5580000,0x00000000d5f80000)
  from space 512K, 61% used [0x00000000d6180000,0x00000000d61ce900,0x00000000d6200000)
  to   space 1024K, 0% used [0x00000000d6000000,0x00000000d6000000,0x00000000d6100000)
 ParOldGen       total 78848K, used 78650K [0x0000000080000000, 0x0000000084d00000, 0x00000000d5580000)
  object space 78848K, 99% used [0x0000000080000000,0x0000000084cceba0,0x0000000084d00000)
 Metaspace       used 70732K, committed 72192K, reserved 1114112K
  class space    used 7470K, committed 8064K, reserved 1048576K
}
Event: 434.797 GC heap before
{Heap before GC invocations=114 (full 3):
 PSYoungGen      total 10752K, used 10554K [0x00000000d5580000, 0x00000000d6200000, 0x0000000100000000)
  eden space 10240K, 99% used [0x00000000d5580000,0x00000000d5f7ffb0,0x00000000d5f80000)
  from space 512K, 61% used [0x00000000d6180000,0x00000000d61ce900,0x00000000d6200000)
  to   space 1024K, 0% used [0x00000000d6000000,0x00000000d6000000,0x00000000d6100000)
 ParOldGen       total 78848K, used 78650K [0x0000000080000000, 0x0000000084d00000, 0x00000000d5580000)
  object space 78848K, 99% used [0x0000000080000000,0x0000000084cceba0,0x0000000084d00000)
 Metaspace       used 70844K, committed 72320K, reserved 1114112K
  class space    used 7471K, committed 8064K, reserved 1048576K
}
Event: 434.806 GC heap after
{Heap after GC invocations=114 (full 3):
 PSYoungGen      total 11264K, used 889K [0x00000000d5580000, 0x00000000d6200000, 0x0000000100000000)
  eden space 10240K, 0% used [0x00000000d5580000,0x00000000d5580000,0x00000000d5f80000)
  from space 1024K, 86% used [0x00000000d6000000,0x00000000d60de410,0x00000000d6100000)
  to   space 1024K, 0% used [0x00000000d6100000,0x00000000d6100000,0x00000000d6200000)
 ParOldGen       total 78848K, used 78722K [0x0000000080000000, 0x0000000084d00000, 0x00000000d5580000)
  object space 78848K, 99% used [0x0000000080000000,0x0000000084ce0ba0,0x0000000084d00000)
 Metaspace       used 70844K, committed 72320K, reserved 1114112K
  class space    used 7471K, committed 8064K, reserved 1048576K
}
Event: 441.708 GC heap before
{Heap before GC invocations=115 (full 3):
 PSYoungGen      total 11264K, used 10949K [0x00000000d5580000, 0x00000000d6200000, 0x0000000100000000)
  eden space 10240K, 98% used [0x00000000d5580000,0x00000000d5f52ff0,0x00000000d5f80000)
  from space 1024K, 86% used [0x00000000d6000000,0x00000000d60de410,0x00000000d6100000)
  to   space 1024K, 0% used [0x00000000d6100000,0x00000000d6100000,0x00000000d6200000)
 ParOldGen       total 78848K, used 78722K [0x0000000080000000, 0x0000000084d00000, 0x00000000d5580000)
  object space 78848K, 99% used [0x0000000080000000,0x0000000084ce0ba0,0x0000000084d00000)
 Metaspace       used 71635K, committed 73088K, reserved 1114112K
  class space    used 7566K, committed 8192K, reserved 1048576K
}
Event: 441.717 GC heap after
{Heap after GC invocations=115 (full 3):
 PSYoungGen      total 10752K, used 320K [0x00000000d5580000, 0x00000000d6180000, 0x0000000100000000)
  eden space 10240K, 0% used [0x00000000d5580000,0x00000000d5580000,0x00000000d5f80000)
  from space 512K, 62% used [0x00000000d6100000,0x00000000d6150020,0x00000000d6180000)
  to   space 1024K, 0% used [0x00000000d5f80000,0x00000000d5f80000,0x00000000d6080000)
 ParOldGen       total 79360K, used 79359K [0x0000000080000000, 0x0000000084d80000, 0x00000000d5580000)
  object space 79360K, 99% used [0x0000000080000000,0x0000000084d7fdb0,0x0000000084d80000)
 Metaspace       used 71635K, committed 73088K, reserved 1114112K
  class space    used 7566K, committed 8192K, reserved 1048576K
}
Event: 442.805 GC heap before
{Heap before GC invocations=116 (full 3):
 PSYoungGen      total 10752K, used 10560K [0x00000000d5580000, 0x00000000d6180000, 0x0000000100000000)
  eden space 10240K, 100% used [0x00000000d5580000,0x00000000d5f80000,0x00000000d5f80000)
  from space 512K, 62% used [0x00000000d6100000,0x00000000d6150020,0x00000000d6180000)
  to   space 1024K, 0% used [0x00000000d5f80000,0x00000000d5f80000,0x00000000d6080000)
 ParOldGen       total 79360K, used 79359K [0x0000000080000000, 0x0000000084d80000, 0x00000000d5580000)
  object space 79360K, 99% used [0x0000000080000000,0x0000000084d7fdb0,0x0000000084d80000)
 Metaspace       used 71884K, committed 73344K, reserved 1114112K
  class space    used 7584K, committed 8192K, reserved 1048576K
}
Event: 442.821 GC heap after
{Heap after GC invocations=116 (full 3):
 PSYoungGen      total 11264K, used 1009K [0x00000000d5580000, 0x00000000d6e80000, 0x0000000100000000)
  eden space 10240K, 0% used [0x00000000d5580000,0x00000000d5580000,0x00000000d5f80000)
  from space 1024K, 98% used [0x00000000d5f80000,0x00000000d607c6f8,0x00000000d6080000)
  to   space 7680K, 0% used [0x00000000d6700000,0x00000000d6700000,0x00000000d6e80000)
 ParOldGen       total 84992K, used 84747K [0x0000000080000000, 0x0000000085300000, 0x00000000d5580000)
  object space 84992K, 99% used [0x0000000080000000,0x00000000852c2cf8,0x0000000085300000)
 Metaspace       used 71884K, committed 73344K, reserved 1114112K
  class space    used 7584K, committed 8192K, reserved 1048576K
}
Event: 443.171 GC heap before
{Heap before GC invocations=117 (full 3):
 PSYoungGen      total 11264K, used 11120K [0x00000000d5580000, 0x00000000d6e80000, 0x0000000100000000)
  eden space 10240K, 98% used [0x00000000d5580000,0x00000000d5f5fcc0,0x00000000d5f80000)
  from space 1024K, 98% used [0x00000000d5f80000,0x00000000d607c6f8,0x00000000d6080000)
  to   space 7680K, 0% used [0x00000000d6700000,0x00000000d6700000,0x00000000d6e80000)
 ParOldGen       total 84992K, used 84747K [0x0000000080000000, 0x0000000085300000, 0x00000000d5580000)
  object space 84992K, 99% used [0x0000000080000000,0x00000000852c2cf8,0x0000000085300000)
 Metaspace       used 72031K, committed 73536K, reserved 1114112K
  class space    used 7601K, committed 8192K, reserved 1048576K
}
Event: 443.178 GC heap after
{Heap after GC invocations=117 (full 3):
 PSYoungGen      total 13312K, used 2926K [0x00000000d5580000, 0x00000000d6a00000, 0x0000000100000000)
  eden space 10240K, 0% used [0x00000000d5580000,0x00000000d5580000,0x00000000d5f80000)
  from space 3072K, 95% used [0x00000000d6700000,0x00000000d69db878,0x00000000d6a00000)
  to   space 4608K, 0% used [0x00000000d6100000,0x00000000d6100000,0x00000000d6580000)
 ParOldGen       total 85504K, used 85491K [0x0000000080000000, 0x0000000085380000, 0x00000000d5580000)
  object space 85504K, 99% used [0x0000000080000000,0x000000008537cd38,0x0000000085380000)
 Metaspace       used 72031K, committed 73536K, reserved 1114112K
  class space    used 7601K, committed 8192K, reserved 1048576K
}
Event: 443.810 GC heap before
{Heap before GC invocations=118 (full 3):
 PSYoungGen      total 13312K, used 13166K [0x00000000d5580000, 0x00000000d6a00000, 0x0000000100000000)
  eden space 10240K, 100% used [0x00000000d5580000,0x00000000d5f80000,0x00000000d5f80000)
  from space 3072K, 95% used [0x00000000d6700000,0x00000000d69db878,0x00000000d6a00000)
  to   space 4608K, 0% used [0x00000000d6100000,0x00000000d6100000,0x00000000d6580000)
 ParOldGen       total 85504K, used 85491K [0x0000000080000000, 0x0000000085380000, 0x00000000d5580000)
  object space 85504K, 99% used [0x0000000080000000,0x000000008537cd38,0x0000000085380000)
 Metaspace       used 72110K, committed 73664K, reserved 1179648K
  class space    used 7612K, committed 8256K, reserved 1048576K
}
Event: 443.822 GC heap after
{Heap after GC invocations=118 (full 3):
 PSYoungGen      total 13312K, used 2636K [0x00000000d5580000, 0x00000000d6780000, 0x0000000100000000)
  eden space 10240K, 0% used [0x00000000d5580000,0x00000000d5580000,0x00000000d5f80000)
  from space 3072K, 85% used [0x00000000d6100000,0x00000000d63932e0,0x00000000d6400000)
  to   space 3072K, 0% used [0x00000000d6480000,0x00000000d6480000,0x00000000d6780000)
 ParOldGen       total 88576K, used 88387K [0x0000000080000000, 0x0000000085680000, 0x00000000d5580000)
  object space 88576K, 99% used [0x0000000080000000,0x0000000085650ff0,0x0000000085680000)
 Metaspace       used 72110K, committed 73664K, reserved 1179648K
  class space    used 7612K, committed 8256K, reserved 1048576K
}
Event: 447.859 GC heap before
{Heap before GC invocations=119 (full 3):
 PSYoungGen      total 13312K, used 12876K [0x00000000d5580000, 0x00000000d6780000, 0x0000000100000000)
  eden space 10240K, 100% used [0x00000000d5580000,0x00000000d5f80000,0x00000000d5f80000)
  from space 3072K, 85% used [0x00000000d6100000,0x00000000d63932e0,0x00000000d6400000)
  to   space 3072K, 0% used [0x00000000d6480000,0x00000000d6480000,0x00000000d6780000)
 ParOldGen       total 88576K, used 88387K [0x0000000080000000, 0x0000000085680000, 0x00000000d5580000)
  object space 88576K, 99% used [0x0000000080000000,0x0000000085650ff0,0x0000000085680000)
 Metaspace       used 72479K, committed 73984K, reserved 1179648K
  class space    used 7669K, committed 8320K, reserved 1048576K
}
Event: 447.870 GC heap after
{Heap after GC invocations=119 (full 3):
 PSYoungGen      total 11264K, used 992K [0x00000000d5580000, 0x00000000d6580000, 0x0000000100000000)
  eden space 10240K, 0% used [0x00000000d5580000,0x00000000d5580000,0x00000000d5f80000)
  from space 1024K, 96% used [0x00000000d6480000,0x00000000d6578020,0x00000000d6580000)
  to   space 2048K, 0% used [0x00000000d6180000,0x00000000d6180000,0x00000000d6380000)
 ParOldGen       total 90624K, used 90500K [0x0000000080000000, 0x0000000085880000, 0x00000000d5580000)
  object space 90624K, 99% used [0x0000000080000000,0x0000000085861000,0x0000000085880000)
 Metaspace       used 72479K, committed 73984K, reserved 1179648K
  class space    used 7669K, committed 8320K, reserved 1048576K
}
Event: 449.811 GC heap before
{Heap before GC invocations=120 (full 3):
 PSYoungGen      total 11264K, used 11232K [0x00000000d5580000, 0x00000000d6580000, 0x0000000100000000)
  eden space 10240K, 100% used [0x00000000d5580000,0x00000000d5f80000,0x00000000d5f80000)
  from space 1024K, 96% used [0x00000000d6480000,0x00000000d6578020,0x00000000d6580000)
  to   space 2048K, 0% used [0x00000000d6180000,0x00000000d6180000,0x00000000d6380000)
 ParOldGen       total 90624K, used 90500K [0x0000000080000000, 0x0000000085880000, 0x00000000d5580000)
  object space 90624K, 99% used [0x0000000080000000,0x0000000085861000,0x0000000085880000)
 Metaspace       used 72732K, committed 74240K, reserved 1179648K
  class space    used 7705K, committed 8384K, reserved 1048576K
}
Event: 449.820 GC heap after
{Heap after GC invocations=120 (full 3):
 PSYoungGen      total 12288K, used 672K [0x00000000d5580000, 0x00000000d6500000, 0x0000000100000000)
  eden space 10240K, 0% used [0x00000000d5580000,0x00000000d5580000,0x00000000d5f80000)
  from space 2048K, 32% used [0x00000000d6180000,0x00000000d6228000,0x00000000d6380000)
  to   space 1024K, 0% used [0x00000000d6400000,0x00000000d6400000,0x00000000d6500000)
 ParOldGen       total 91648K, used 91384K [0x0000000080000000, 0x0000000085980000, 0x00000000d5580000)
  object space 91648K, 99% used [0x0000000080000000,0x000000008593e288,0x0000000085980000)
 Metaspace       used 72732K, committed 74240K, reserved 1179648K
  class space    used 7705K, committed 8384K, reserved 1048576K
}
Event: 515.338 GC heap before
{Heap before GC invocations=121 (full 3):
 PSYoungGen      total 12288K, used 10912K [0x00000000d5580000, 0x00000000d6500000, 0x0000000100000000)
  eden space 10240K, 100% used [0x00000000d5580000,0x00000000d5f80000,0x00000000d5f80000)
  from space 2048K, 32% used [0x00000000d6180000,0x00000000d6228000,0x00000000d6380000)
  to   space 1024K, 0% used [0x00000000d6400000,0x00000000d6400000,0x00000000d6500000)
 ParOldGen       total 91648K, used 91384K [0x0000000080000000, 0x0000000085980000, 0x00000000d5580000)
  object space 91648K, 99% used [0x0000000080000000,0x000000008593e288,0x0000000085980000)
 Metaspace       used 73416K, committed 75008K, reserved 1179648K
  class space    used 7790K, committed 8448K, reserved 1048576K
}
Event: 515.591 GC heap after
{Heap after GC invocations=121 (full 3):
 PSYoungGen      total 10752K, used 448K [0x00000000d5580000, 0x00000000d6480000, 0x0000000100000000)
  eden space 10240K, 0% used [0x00000000d5580000,0x00000000d5580000,0x00000000d5f80000)
  from space 512K, 87% used [0x00000000d6400000,0x00000000d6470000,0x00000000d6480000)
  to   space 1024K, 0% used [0x00000000d6280000,0x00000000d6280000,0x00000000d6380000)
 ParOldGen       total 92160K, used 91952K [0x0000000080000000, 0x0000000085a00000, 0x00000000d5580000)
  object space 92160K, 99% used [0x0000000080000000,0x00000000859cc288,0x0000000085a00000)
 Metaspace       used 73416K, committed 75008K, reserved 1179648K
  class space    used 7790K, committed 8448K, reserved 1048576K
}
Event: 552.500 GC heap before
{Heap before GC invocations=122 (full 3):
 PSYoungGen      total 10752K, used 10688K [0x00000000d5580000, 0x00000000d6480000, 0x0000000100000000)
  eden space 10240K, 100% used [0x00000000d5580000,0x00000000d5f80000,0x00000000d5f80000)
  from space 512K, 87% used [0x00000000d6400000,0x00000000d6470000,0x00000000d6480000)
  to   space 1024K, 0% used [0x00000000d6280000,0x00000000d6280000,0x00000000d6380000)
 ParOldGen       total 92160K, used 91952K [0x0000000080000000, 0x0000000085a00000, 0x00000000d5580000)
  object space 92160K, 99% used [0x0000000080000000,0x00000000859cc288,0x0000000085a00000)
 Metaspace       used 73939K, committed 75520K, reserved 1179648K
  class space    used 7867K, committed 8576K, reserved 1048576K
}
Event: 552.628 GC heap after
{Heap after GC invocations=122 (full 3):
 PSYoungGen      total 11264K, used 1018K [0x00000000d5580000, 0x00000000d6780000, 0x0000000100000000)
  eden space 10240K, 0% used [0x00000000d5580000,0x00000000d5580000,0x00000000d5f80000)
  from space 1024K, 99% used [0x00000000d6280000,0x00000000d637ea88,0x00000000d6380000)
  to   space 4096K, 0% used [0x00000000d6380000,0x00000000d6380000,0x00000000d6780000)
 ParOldGen       total 94720K, used 94244K [0x0000000080000000, 0x0000000085c80000, 0x00000000d5580000)
  object space 94720K, 99% used [0x0000000080000000,0x0000000085c09378,0x0000000085c80000)
 Metaspace       used 73939K, committed 75520K, reserved 1179648K
  class space    used 7867K, committed 8576K, reserved 1048576K
}

